<?xml version="1.0" encoding="UTF-8"?>
<coverage generated="1610712357472" clover="3.2.0">
  <project timestamp="1610712357472" name="All files">
    <metrics statements="2" coveredstatements="2" conditionals="0" coveredconditionals="0" methods="1" coveredmethods="0" elements="3" coveredelements="2" complexity="0" loc="2" ncloc="2" packages="1" files="1" classes="1"/>
    <file name="wardobe.js" path="/Users/Marius/Desktop/Projects/wardrobe-kata/lib/wardobe.js">
      <metrics statements="2" coveredstatements="2" conditionals="0" coveredconditionals="0" methods="1" coveredmethods="0"/>
      <line num="1" count="1" type="stmt"/>
      <line num="3" count="1" type="stmt"/>
    </file>
  </project>
</coverage>
