{"/Users/Marius/Desktop/Projects/wardrobe-kata/lib/wardobe.js": {"path":"/Users/Marius/Desktop/Projects/wardrobe-kata/lib/wardobe.js","statementMap":{"0":{"start":{"line":1,"column":17},"end":{"line":1,"column":27}},"1":{"start":{"line":1,"column":23},"end":{"line":1,"column":27}},"2":{"start":{"line":3,"column":0},"end":{"line":3,"column":26}}},"fnMap":{"0":{"name":"(anonymous_0)","decl":{"start":{"line":1,"column":17},"end":{"line":1,"column":18}},"loc":{"start":{"line":1,"column":23},"end":{"line":1,"column":27}},"line":1}},"branchMap":{},"s":{"0":1,"1":0,"2":1},"f":{"0":0},"b":{},"_coverageSchema":"1a1c01bbd47fc00a2c39e90264f33305004495a9","hash":"e0ad0f52270c28fa502c4127421700a9fcf801ca"}
}
